TN:
SF:src\server.ts
FN:48,(anonymous_8)
FN:49,(anonymous_9)
FN:52,(anonymous_10)
FN:52,(anonymous_11)
FN:68,(anonymous_12)
FN:75,(anonymous_13)
FN:75,(anonymous_14)
FN:83,(anonymous_15)
FN:107,(anonymous_16)
FN:109,(anonymous_17)
FN:115,(anonymous_18)
FN:117,(anonymous_19)
FNF:12
FNH:1
FNDA:3,(anonymous_8)
FNDA:0,(anonymous_9)
FNDA:0,(anonymous_10)
FNDA:0,(anonymous_11)
FNDA:0,(anonymous_12)
FNDA:0,(anonymous_13)
FNDA:0,(anonymous_14)
FNDA:0,(anonymous_15)
FNDA:0,(anonymous_16)
FNDA:0,(anonymous_17)
FNDA:0,(anonymous_18)
FNDA:0,(anonymous_19)
DA:1,3
DA:2,3
DA:3,3
DA:4,3
DA:5,3
DA:6,3
DA:7,3
DA:8,3
DA:9,3
DA:10,3
DA:11,3
DA:12,3
DA:13,3
DA:16,3
DA:19,3
DA:20,3
DA:23,3
DA:31,3
DA:32,3
DA:33,3
DA:36,3
DA:37,3
DA:40,3
DA:41,3
DA:42,3
DA:45,3
DA:48,3
DA:49,3
DA:50,0
DA:52,0
DA:53,0
DA:54,0
DA:55,0
DA:60,0
DA:61,0
DA:62,0
DA:64,0
DA:68,0
DA:69,0
DA:75,3
DA:76,0
DA:78,0
DA:79,0
DA:80,0
DA:82,0
DA:83,0
DA:84,0
DA:89,0
DA:90,0
DA:92,0
DA:94,0
DA:99,3
DA:102,3
DA:103,0
DA:107,3
DA:108,0
DA:109,0
DA:110,0
DA:111,0
DA:115,3
DA:116,0
DA:117,0
DA:118,0
DA:119,0
DA:124,3
LF:65
LH:34
BRDA:78,0,0,0
BRDA:79,1,0,0
BRDA:79,1,1,0
BRDA:82,2,0,0
BRDA:82,2,1,0
BRDA:89,3,0,0
BRDA:89,3,1,0
BRDA:102,4,0,0
BRF:8
BRH:0
end_of_record
TN:
SF:src\controllers\plantController.ts
FN:8,(anonymous_8)
FN:14,(anonymous_9)
FN:24,(anonymous_10)
FN:24,(anonymous_11)
FN:42,(anonymous_12)
FN:42,(anonymous_13)
FN:54,(anonymous_14)
FN:54,(anonymous_15)
FN:65,(anonymous_16)
FN:65,(anonymous_17)
FN:77,(anonymous_18)
FN:77,(anonymous_19)
FN:87,(anonymous_20)
FN:87,(anonymous_21)
FN:101,(anonymous_22)
FN:101,(anonymous_23)
FN:123,(anonymous_24)
FN:123,(anonymous_25)
FN:138,(anonymous_26)
FN:138,(anonymous_27)
FN:168,(anonymous_28)
FN:168,(anonymous_29)
FN:182,(anonymous_30)
FN:193,(anonymous_31)
FN:193,(anonymous_32)
FNF:25
FNH:11
FNDA:0,(anonymous_8)
FNDA:2,(anonymous_9)
FNDA:2,(anonymous_10)
FNDA:2,(anonymous_11)
FNDA:0,(anonymous_12)
FNDA:0,(anonymous_13)
FNDA:0,(anonymous_14)
FNDA:0,(anonymous_15)
FNDA:0,(anonymous_16)
FNDA:0,(anonymous_17)
FNDA:1,(anonymous_18)
FNDA:1,(anonymous_19)
FNDA:1,(anonymous_20)
FNDA:1,(anonymous_21)
FNDA:1,(anonymous_22)
FNDA:1,(anonymous_23)
FNDA:1,(anonymous_24)
FNDA:1,(anonymous_25)
FNDA:0,(anonymous_26)
FNDA:0,(anonymous_27)
FNDA:0,(anonymous_28)
FNDA:0,(anonymous_29)
FNDA:0,(anonymous_30)
FNDA:0,(anonymous_31)
FNDA:0,(anonymous_32)
DA:2,3
DA:3,3
DA:5,3
DA:8,3
DA:9,0
DA:10,0
DA:14,3
DA:15,2
DA:16,0
DA:17,0
DA:18,0
DA:20,2
DA:24,3
DA:25,2
DA:27,2
DA:28,2
DA:29,2
DA:30,0
DA:31,0
DA:32,0
DA:34,2
DA:36,0
DA:37,0
DA:42,3
DA:43,0
DA:44,0
DA:45,0
DA:46,0
DA:47,0
DA:49,0
DA:54,3
DA:55,0
DA:56,0
DA:57,0
DA:58,0
DA:60,0
DA:65,3
DA:66,0
DA:67,0
DA:68,0
DA:69,0
DA:70,0
DA:72,0
DA:77,3
DA:78,1
DA:79,1
DA:80,1
DA:81,1
DA:82,1
DA:87,3
DA:88,1
DA:89,1
DA:91,1
DA:92,1
DA:93,1
DA:94,1
DA:96,0
DA:101,3
DA:102,1
DA:103,1
DA:105,1
DA:106,1
DA:111,1
DA:112,0
DA:113,0
DA:115,1
DA:116,1
DA:118,0
DA:123,3
DA:124,1
DA:125,1
DA:126,1
DA:127,1
DA:128,1
DA:129,1
DA:130,1
DA:132,0
DA:138,3
DA:139,0
DA:140,0
DA:142,0
DA:143,0
DA:144,0
DA:147,0
DA:148,0
DA:150,0
DA:151,0
DA:152,0
DA:155,0
DA:156,0
DA:157,0
DA:160,0
DA:161,0
DA:162,0
DA:163,0
DA:164,0
DA:168,3
DA:169,0
DA:170,0
DA:172,0
DA:173,0
DA:174,0
DA:177,0
DA:178,0
DA:180,0
DA:181,0
DA:182,0
DA:183,0
DA:184,0
DA:185,0
DA:187,0
DA:188,0
DA:193,3
DA:194,0
DA:195,0
DA:196,0
DA:197,0
DA:198,0
DA:200,0
DA:204,3
LF:120
LH:49
BRDA:8,0,0,0
BRDA:15,1,0,0
BRDA:25,2,0,0
BRDA:29,3,0,0
BRDA:43,4,0,0
BRDA:43,4,1,0
BRDA:43,5,0,0
BRDA:43,5,1,0
BRDA:80,6,0,1
BRDA:89,7,0,0
BRDA:89,7,1,1
BRDA:89,8,0,1
BRDA:89,8,1,1
BRDA:111,9,0,0
BRDA:126,10,0,1
BRDA:140,11,0,0
BRDA:140,11,1,0
BRDA:140,12,0,0
BRDA:140,12,1,0
BRDA:142,13,0,0
BRDA:148,14,0,0
BRDA:150,15,0,0
BRDA:150,16,0,0
BRDA:150,16,1,0
BRDA:150,17,0,0
BRDA:150,17,1,0
BRDA:155,18,0,0
BRDA:170,19,0,0
BRDA:170,19,1,0
BRDA:170,20,0,0
BRDA:170,20,1,0
BRDA:172,21,0,0
BRDA:178,22,0,0
BRDA:180,23,0,0
BRDA:180,23,1,0
BRDA:194,24,0,0
BRDA:194,24,1,0
BRDA:194,25,0,0
BRDA:194,25,1,0
BRF:39
BRH:5
end_of_record
TN:
SF:src\controllers\userController.ts
FN:9,(anonymous_8)
FN:14,(anonymous_9)
FN:20,(anonymous_10)
FN:32,(anonymous_11)
FN:32,(anonymous_12)
FN:40,(anonymous_13)
FN:40,(anonymous_14)
FN:74,(anonymous_15)
FN:74,(anonymous_16)
FN:90,(anonymous_17)
FN:90,(anonymous_18)
FN:120,(anonymous_19)
FN:120,(anonymous_20)
FNF:13
FNH:4
FNDA:4,(anonymous_8)
FNDA:0,(anonymous_9)
FNDA:1,(anonymous_10)
FNDA:0,(anonymous_11)
FNDA:0,(anonymous_12)
FNDA:0,(anonymous_13)
FNDA:0,(anonymous_14)
FNDA:0,(anonymous_15)
FNDA:0,(anonymous_16)
FNDA:1,(anonymous_17)
FNDA:1,(anonymous_18)
FNDA:0,(anonymous_19)
FNDA:0,(anonymous_20)
DA:2,3
DA:3,3
DA:4,3
DA:6,3
DA:9,3
DA:10,4
DA:14,3
DA:15,0
DA:16,0
DA:20,3
DA:21,1
DA:22,1
DA:23,0
DA:24,0
DA:25,0
DA:28,1
DA:32,3
DA:33,0
DA:34,0
DA:35,0
DA:40,3
DA:41,0
DA:43,0
DA:45,0
DA:46,0
DA:47,0
DA:48,0
DA:49,0
DA:52,0
DA:53,0
DA:54,0
DA:55,0
DA:58,0
DA:59,0
DA:60,0
DA:69,0
DA:74,3
DA:75,0
DA:77,0
DA:79,0
DA:80,0
DA:81,0
DA:82,0
DA:83,0
DA:85,0
DA:90,3
DA:91,1
DA:93,1
DA:94,0
DA:95,0
DA:98,1
DA:100,1
DA:101,1
DA:102,1
DA:103,0
DA:104,0
DA:107,1
DA:108,1
DA:109,1
DA:111,1
DA:112,1
DA:113,1
DA:115,0
DA:120,3
DA:121,0
DA:122,0
DA:123,0
DA:126,0
DA:127,0
DA:128,0
DA:129,0
DA:131,0
DA:135,3
LF:73
LH:29
BRDA:14,0,0,0
BRDA:22,1,0,0
BRDA:33,2,0,0
BRDA:34,3,0,0
BRDA:43,4,0,0
BRDA:43,5,0,0
BRDA:43,5,1,0
BRDA:47,6,0,0
BRDA:48,7,0,0
BRDA:48,7,1,0
BRDA:53,8,0,0
BRDA:77,9,0,0
BRDA:93,10,0,0
BRDA:98,11,0,0
BRDA:102,12,0,0
BRDA:121,13,0,0
BRF:16
BRH:0
end_of_record
TN:
SF:src\middleware\requireAuth.ts
FN:8,(anonymous_8)
FN:14,(anonymous_9)
FN:24,(anonymous_10)
FN:24,(anonymous_11)
FN:29,(anonymous_12)
FN:29,(anonymous_13)
FNF:6
FNH:6
FNDA:4,(anonymous_8)
FNDA:3,(anonymous_9)
FNDA:2,(anonymous_10)
FNDA:2,(anonymous_11)
FNDA:5,(anonymous_12)
FNDA:5,(anonymous_13)
DA:1,2
DA:3,2
DA:5,2
DA:8,2
DA:9,4
DA:10,4
DA:14,2
DA:15,3
DA:16,3
DA:18,1
DA:19,1
DA:24,2
DA:25,2
DA:29,5
DA:30,5
DA:33,5
DA:34,1
DA:38,4
DA:39,4
DA:40,1
DA:44,3
DA:45,3
DA:46,1
DA:50,2
DA:51,2
DA:52,1
DA:56,1
DA:62,1
DA:63,1
DA:66,2
LF:30
LH:30
BRDA:8,0,0,4
BRDA:33,1,0,1
BRDA:39,2,0,1
BRDA:45,3,0,1
BRDA:51,4,0,1
BRF:5
BRH:5
end_of_record
TN:
SF:src\models\messageModel.ts
FN:5,(anonymous_10)
FNF:1
FNH:1
FNDA:3,(anonymous_10)
DA:1,3
DA:2,3
DA:5,3
DA:6,3
DA:17,3
DA:33,3
DA:36,3
DA:38,3
LF:8
LH:8
BRF:0
BRH:0
end_of_record
TN:
SF:src\models\plantModel.ts
FN:5,(anonymous_1)
FNF:1
FNH:1
FNDA:3,(anonymous_1)
DA:1,3
DA:2,3
DA:5,3
DA:6,3
DA:21,3
DA:56,3
DA:59,3
DA:61,3
LF:8
LH:8
BRF:0
BRH:0
end_of_record
TN:
SF:src\models\userModel.ts
FN:11,(anonymous_8)
FN:16,(anonymous_9)
FN:84,(anonymous_10)
FN:108,(anonymous_12)
FN:132,(anonymous_14)
FNF:5
FNH:1
FNDA:3,(anonymous_8)
FNDA:0,(anonymous_9)
FNDA:0,(anonymous_10)
FNDA:0,(anonymous_12)
FNDA:0,(anonymous_14)
DA:1,3
DA:2,3
DA:3,3
DA:4,3
DA:5,3
DA:6,3
DA:8,3
DA:11,3
DA:12,3
DA:16,3
DA:17,0
DA:18,0
DA:19,0
DA:21,0
DA:22,0
DA:23,0
DA:25,0
DA:26,0
DA:27,0
DA:56,3
DA:84,3
DA:91,0
DA:93,0
DA:94,0
DA:95,0
DA:96,0
DA:99,0
DA:100,0
DA:102,0
DA:103,0
DA:104,0
DA:108,3
DA:112,0
DA:114,0
DA:115,0
DA:116,0
DA:117,0
DA:120,0
DA:121,0
DA:122,0
DA:123,0
DA:126,0
DA:127,0
DA:128,0
DA:132,3
DA:133,0
DA:134,0
DA:135,0
DA:136,0
DA:140,0
DA:143,0
DA:144,0
DA:148,3
DA:151,3
DA:153,3
LF:55
LH:17
BRDA:17,0,0,0
BRDA:17,1,0,0
BRDA:17,1,1,0
BRDA:21,2,0,0
BRDA:25,3,0,0
BRDA:94,4,0,0
BRDA:115,5,0,0
BRDA:121,6,0,0
BRDA:134,7,0,0
BRF:9
BRH:0
end_of_record
TN:
SF:src\routes\message.ts
FN:8,(anonymous_8)
FN:31,(anonymous_9)
FN:31,(anonymous_10)
FNF:3
FNH:2
FNDA:0,(anonymous_8)
FNDA:2,(anonymous_9)
FNDA:2,(anonymous_10)
DA:1,3
DA:2,3
DA:3,3
DA:5,3
DA:8,3
DA:9,0
DA:10,0
DA:31,3
DA:32,2
DA:33,2
DA:34,2
DA:35,2
DA:37,0
DA:41,3
LF:14
LH:11
BRDA:8,0,0,0
BRF:1
BRH:0
end_of_record
TN:
SF:src\routes\plants.ts
FN:13,(anonymous_1)
FN:39,(anonymous_2)
FN:64,(anonymous_3)
FN:89,(anonymous_4)
FN:121,(anonymous_5)
FN:153,(anonymous_6)
FN:185,(anonymous_7)
FN:216,(anonymous_8)
FN:244,(anonymous_9)
FN:282,(anonymous_10)
FNF:10
FNH:5
FNDA:4,(anonymous_1)
FNDA:0,(anonymous_2)
FNDA:0,(anonymous_3)
FNDA:0,(anonymous_4)
FNDA:0,(anonymous_5)
FNDA:0,(anonymous_6)
FNDA:1,(anonymous_7)
FNDA:1,(anonymous_8)
FNDA:1,(anonymous_9)
FNDA:1,(anonymous_10)
DA:1,3
DA:2,3
DA:3,3
DA:4,3
DA:7,3
DA:10,3
DA:13,3
DA:14,4
DA:15,4
DA:16,4
DA:39,3
DA:40,0
DA:41,0
DA:64,3
DA:65,0
DA:66,0
DA:89,3
DA:90,0
DA:91,0
DA:121,3
DA:122,0
DA:123,0
DA:153,3
DA:154,0
DA:155,0
DA:185,3
DA:186,1
DA:187,1
DA:216,3
DA:217,1
DA:218,1
DA:244,3
DA:245,1
DA:246,1
DA:282,3
DA:283,1
DA:284,1
DA:287,3
LF:38
LH:28
BRDA:14,0,0,0
BRDA:14,0,1,4
BRDA:14,1,0,4
BRDA:14,1,1,4
BRDA:15,2,0,4
BRDA:15,2,1,1
BRDA:16,3,0,3
BRDA:16,3,1,1
BRF:8
BRH:7
end_of_record
TN:
SF:src\routes\user.ts
FN:10,(anonymous_1)
FN:47,(anonymous_2)
FN:90,(anonymous_3)
FN:125,(anonymous_4)
FN:143,(anonymous_5)
FNF:5
FNH:2
FNDA:1,(anonymous_1)
FNDA:0,(anonymous_2)
FNDA:0,(anonymous_3)
FNDA:1,(anonymous_4)
FNDA:0,(anonymous_5)
DA:1,3
DA:2,3
DA:3,3
DA:4,3
DA:7,3
DA:10,3
DA:11,1
DA:12,1
DA:47,3
DA:48,0
DA:49,0
DA:90,3
DA:91,0
DA:92,0
DA:125,3
DA:126,1
DA:127,1
DA:143,3
DA:144,0
DA:145,0
DA:148,3
LF:21
LH:15
BRDA:11,0,0,0
BRDA:11,0,1,1
BRDA:11,1,0,1
BRDA:11,1,1,1
BRF:4
BRH:3
end_of_record
TN:
SF:src\services\loggingService.ts
FN:25,(anonymous_1)
FNF:1
FNH:1
FNDA:27,(anonymous_1)
DA:1,3
DA:2,3
DA:5,3
DA:21,3
DA:26,27
DA:51,3
DA:53,3
LF:7
LH:7
BRF:0
BRH:0
end_of_record
TN:
SF:src\services\swagger.ts
FN:6,(anonymous_1)
FN:47,(anonymous_2)
FN:80,(anonymous_3)
FNF:3
FNH:3
FNDA:3,(anonymous_1)
FNDA:3,(anonymous_2)
FNDA:3,(anonymous_3)
DA:1,3
DA:2,3
DA:6,3
DA:47,3
DA:77,3
DA:80,3
DA:81,3
LF:7
LH:7
BRF:0
BRH:0
end_of_record
